[    4052ms] [WARNING] Mixed Content: The page at 'https://mp.weixin.qq.com/s/TwMkUDLNo2-bIrXrfvPqIw' was loaded over HTTPS, but requested an insecure element 'http://mmbiz.qpic.cn/mmbiz_png/HWPhJxZN7w2n7m6UMn5EFGYoHwwicwZvn3wS6prM69uPdjYpYiauADBb1MLdG6oquibr8mgOhCSTcibGvibaJpyzWNQ/0?wx_fmt=png'. This request was automatically upgraded to HTTPS, For more information see https://blog.chromium.org/2019/10/no-more-mixed-messages-about-https.html @ https://mp.weixin.qq.com/s/TwMkUDLNo2-bIrXrfvPqIw:0
[    4057ms] [WARNING] Mixed Content: The page at 'https://mp.weixin.qq.com/s/TwMkUDLNo2-bIrXrfvPqIw' was loaded over HTTPS, but requested an insecure element 'http://mmbiz.qpic.cn/mmbiz_png/HWPhJxZN7w2n7m6UMn5EFGYoHwwicwZvn3wS6prM69uPdjYpYiauADBb1MLdG6oquibr8mgOhCSTcibGvibaJpyzWNQ/0?wx_fmt=png'. This request was automatically upgraded to HTTPS, For more information see https://blog.chromium.org/2019/10/no-more-mixed-messages-about-https.html @ https://mp.weixin.qq.com/s/TwMkUDLNo2-bIrXrfvPqIw:0
[    4500ms] [WARNING] Mixed Content: The page at 'https://mp.weixin.qq.com/s/TwMkUDLNo2-bIrXrfvPqIw' was loaded over HTTPS, but requested an insecure element 'http://mmbiz.qpic.cn/mmbiz_png/HWPhJxZN7w2n7m6UMn5EFGYoHwwicwZvn3wS6prM69uPdjYpYiauADBb1MLdG6oquibr8mgOhCSTcibGvibaJpyzWNQ/0?wx_fmt=png'. This request was automatically upgraded to HTTPS, For more information see https://blog.chromium.org/2019/10/no-more-mixed-messages-about-https.html @ https://mp.weixin.qq.com/s/TwMkUDLNo2-bIrXrfvPqIw:3562
[    4500ms] [WARNING] Mixed Content: The page at 'https://mp.weixin.qq.com/s/TwMkUDLNo2-bIrXrfvPqIw' was loaded over HTTPS, but requested an insecure element 'http://mmbiz.qpic.cn/mmbiz_png/HWPhJxZN7w2n7m6UMn5EFGYoHwwicwZvn3wS6prM69uPdjYpYiauADBb1MLdG6oquibr8mgOhCSTcibGvibaJpyzWNQ/0?wx_fmt=png'. This request was automatically upgraded to HTTPS, For more information see https://blog.chromium.org/2019/10/no-more-mixed-messages-about-https.html @ https://mp.weixin.qq.com/s/TwMkUDLNo2-bIrXrfvPqIw:3670
[    6956ms] [ERROR] bottombar-safe-bottom 0 @ https://mp.weixin.qq.com/s/TwMkUDLNo2-bIrXrfvPqIw:8498
[   11828ms] [LOG] tingIsShow, tingHeardCnt   @ https://mp.weixin.qq.com/s/TwMkUDLNo2-bIrXrfvPqIw:41985
[   12161ms] [LOG] canUseStar, startPersonCnt false  @ https://mp.weixin.qq.com/s/TwMkUDLNo2-bIrXrfvPqIw:45329
[   12296ms] [LOG] SyntaxError: Unexpected end of JSON input
    at JSON.parse (<anonymous>)
    at __setPageContentBottomData (https://mp.weixin.qq.com/s/TwMkUDLNo2-bIrXrfvPqIw:46809:77)
    at https://mp.weixin.qq.com/s/TwMkUDLNo2-bIrXrfvPqIw:46869:5
    at https://mp.weixin.qq.com/s/TwMkUDLNo2-bIrXrfvPqIw:46875:3 @ https://mp.weixin.qq.com/s/TwMkUDLNo2-bIrXrfvPqIw:46855
[   12372ms] [LOG] support wcslplayer false @ https://res.wx.qq.com/mmbizappmsg/zh_CN/htmledition/js/assets/cover_next.mpfd2pou745f02c4.js:0
[   12373ms] [LOG] canUseStar, startPersonCnt false <%@JsEncode($user_info.appmsg_bar_data.star_num.DATA$)%> @ https://res.wx.qq.com/mmbizappmsg/zh_CN/htmledition/js/assets/set_star.mpfd2pouac419135.js:0
[   12387ms] [LOG] in white list undefined 1779433570208 @ https://res.wx.qq.com/mmbizappmsg/zh_CN/htmledition/js/assets/wxwork_hidden.mpfd2pou756357f7.js:2
[   12395ms] [LOG] [Appmsg comment] start get comment data, url:/mp/appmsg_comment?action=getcomment&scene=0&appmsgid=2247486438&idx=1&__biz=MzkyNTU1NTQyNw==&comment_id=4525361521010507779&offset=0&buffer=&limit=100&send_time=&sessionid=svr_51b52d05bc8&enterid=1779433562&top_content_id=&top_reply_id=&comment_scene=0 @ https://res.wx.qq.com/mmbizappmsg/zh_CN/htmledition/js/assets/appmsg_comment.mpfd2pou3b025f80.js:4
[   12399ms] [LOG] getIdentity========== @ https://res.wx.qq.com/mmbizappmsg/zh_CN/htmledition/js/assets/Identity.mpfd2pou63071aaf.js:2
[   12400ms] [INFO] [IndexedDBAdapter] IndexedDB initialized successfully  @ https://res.wx.qq.com/mmbizappmsg/zh_CN/htmledition/js/assets/StreamFriendsList.mpfd2poue5d39d43.js:0
[   12402ms] [INFO] [图文信息] 三元组: MzkyNTU1NTQyNw== 2247486438 1 @ https://res.wx.qq.com/mmbizappmsg/zh_CN/htmledition/js/assets/appmsg.mpfd2pou723d3046.js:8
[   12403ms] [INFO] [用户信息] 设备信息: 是否安卓 undefined 是否IOS undefined 是否秒开场景 undefined 系统版本 10_15 用户uin 0 是否小程序内打开 false @ https://res.wx.qq.com/mmbizappmsg/zh_CN/htmledition/js/assets/appmsg.mpfd2pou723d3046.js:8
[   12403ms] [LOG] wx config web compt result [wxOpen] {err_msg: handleMPPageAction:fail_webcompt unsupported} @ https://res.wx.qq.com/mmbizappmsg/zh_CN/htmledition/js/assets/comm_utils.mpfd2pou9ac4a575.js:0
[   12415ms] [INFO] [(评论、点赞、赞赏) 发送请求]:  Fri May 22 2026 15:06:10 GMT+0800 (中国标准时间) @ https://res.wx.qq.com/mmbizappmsg/zh_CN/htmledition/js/assets/appmsgext.mpfd2pouba02a0e8.js:0
[   12420ms] [LOG] ======ad fontScaleCssVars change 1 1 1 @ https://res.wx.qq.com/mmbizappmsg/zh_CN/htmledition/js/assets/a.mpfd2pouf21edcf0.js:0
[   12428ms] [INFO] [广告发送请求] 是否拉取广告 0 @ https://res.wx.qq.com/mmbizappmsg/zh_CN/htmledition/js/assets/StreamFriendsList.mpfd2poue5d39d43.js:0
[   12429ms] [INFO] [强制广告] 是否强制去掉广告 0 @ https://res.wx.qq.com/mmbizappmsg/zh_CN/htmledition/js/assets/StreamFriendsList.mpfd2poue5d39d43.js:0
[   12430ms] [LOG] [PagePos] init entry @ https://res.wx.qq.com/mmbizappmsg/zh_CN/htmledition/js/assets/appmsg.mpfd2pou723d3046.js:8
[   12430ms] [LOG] [PagePos] init call @ https://res.wx.qq.com/mmbizappmsg/zh_CN/htmledition/js/assets/page_pos.mpfd2pou438c235b.js:0
[   12433ms] [LOG] [PagePos] commReport leaveReport addReport @ https://res.wx.qq.com/mmbizappmsg/zh_CN/htmledition/js/assets/page_pos.mpfd2pou438c235b.js:0
[   12436ms] [LOG] [Appmsg comment] start get comment data, url:/mp/appmsg_comment?action=getcomment&scene=0&appmsgid=2247486438&idx=1&__biz=MzkyNTU1NTQyNw==&comment_id=4525361521010507779&offset=0&buffer=&limit=100&send_time=&sessionid=svr_51b52d05bc8&enterid=1779433562&top_content_id=&top_reply_id=&comment_scene=0 @ https://res.wx.qq.com/mmbizappmsg/zh_CN/htmledition/js/assets/appmsg_comment.mpfd2pou3b025f80.js:4
[   12447ms] [WARNING] Mixed Content: The page at 'https://mp.weixin.qq.com/s/TwMkUDLNo2-bIrXrfvPqIw' was loaded over HTTPS, but requested an insecure element 'http://mmbiz.qpic.cn/mmbiz_png/HWPhJxZN7w2n7m6UMn5EFGYoHwwicwZvn3wS6prM69uPdjYpYiauADBb1MLdG6oquibr8mgOhCSTcibGvibaJpyzWNQ/300?wx_fmt=png&wxfrom=18'. This request was automatically upgraded to HTTPS, For more information see https://blog.chromium.org/2019/10/no-more-mixed-messages-about-https.html @ https://mp.weixin.qq.com/s/TwMkUDLNo2-bIrXrfvPqIw:0
[   12452ms] [INFO] [currentMpInfo]set url {interaction_url: , underline_url: } @ https://res.wx.qq.com/mmbizappmsg/zh_CN/htmledition/js/assets/appmsg.mpfd2pou723d3046.js:8
[   12480ms] [LOG] getRelatedArticleList undefined @ https://res.wx.qq.com/mmbizappmsg/zh_CN/htmledition/js/assets/appmsg.mpfd2pou723d3046.js:0
[   12480ms] [INFO] [StateSyncManager] State sync manager initialized successfully  @ https://res.wx.qq.com/mmbizappmsg/zh_CN/htmledition/js/assets/StreamFriendsList.mpfd2poue5d39d43.js:0
[   12574ms] [LOG] [comm_report] reportjson:  {CgiPath: /mp/relatedsearchword, Action: getimagekeyword, Query: ?action=getimagekeyword&__biz=MzkyNTU1NTQyNw==&mid…%3D&appmsg_token=&x5=0&f=json&user_article_role=0, PostData: , Method: GET} @ https://res.wx.qq.com/mmbizappmsg/zh_CN/htmledition/js/assets/comm_utils.mpfd2pou9ac4a575.js:0
[   12575ms] [LOG] [comm_report] reportjson:  {CgiPath: /mp/appmsg_comment, Action: getidentitylist, Query: ?action=getidentitylist&scene=0&register=0&uin=&ke…%3D&appmsg_token=&x5=0&f=json&user_article_role=0, PostData: , Method: GET} @ https://res.wx.qq.com/mmbizappmsg/zh_CN/htmledition/js/assets/comm_utils.mpfd2pou9ac4a575.js:0
[   12576ms] [LOG] [comm_report] reportjson:  {CgiPath: /mp/appmsg_comment, Action: getextracomment, Query: ?action=getextracomment&appmsgid=2247486438&idx=1&…%3D&appmsg_token=&x5=0&f=json&user_article_role=0, PostData: , Method: GET} @ https://res.wx.qq.com/mmbizappmsg/zh_CN/htmledition/js/assets/comm_utils.mpfd2pou9ac4a575.js:0
[   12576ms] [LOG] [comm_report] reportjson:  {CgiPath: /mp/getbizbanner, Action: , Query: ?__biz=MzkyNTU1NTQyNw==&uin=&key=&pass_ticket=&wxt…%3D&appmsg_token=&x5=0&f=json&user_article_role=0, PostData: , Method: GET} @ https://res.wx.qq.com/mmbizappmsg/zh_CN/htmledition/js/assets/comm_utils.mpfd2pou9ac4a575.js:0
[   12577ms] [LOG] [reportData]:  {count: 4, reportjson0: {"CgiPath":"/mp/relatedsearchword","Action":"getim…in.qq.com","log_id":36408,"TimeStamp":1779433570}, reportjson1: {"CgiPath":"/mp/appmsg_comment","Action":"getident…in.qq.com","log_id":36408,"TimeStamp":1779433570}, reportjson2: {"CgiPath":"/mp/appmsg_comment","Action":"getextra…in.qq.com","log_id":36408,"TimeStamp":1779433570}, reportjson3: {"CgiPath":"/mp/getbizbanner","Action":"","Query":…in.qq.com","log_id":36408,"TimeStamp":1779433570}} @ https://res.wx.qq.com/mmbizappmsg/zh_CN/htmledition/js/assets/comm_utils.mpfd2pou9ac4a575.js:0
[   12577ms] [LOG] [comm_report] reportjson:  {CgiPath: /mp/appmsg_comment, Action: getsegment, Query: ?action=getsegment&appmsgid=2247486438&idx=1&comme…%3D&appmsg_token=&x5=0&f=json&user_article_role=0, PostData: modify_detail=%5B%5D&modify_detail_new=undefined&modify_time=0&linefeed_card=, Method: POST} @ https://res.wx.qq.com/mmbizappmsg/zh_CN/htmledition/js/assets/comm_utils.mpfd2pou9ac4a575.js:0
[   12577ms] [LOG] segmentlist:  {base_resp: Object, ret: -3, errmsg: no session, cookie_count: 0} @ https://res.wx.qq.com/mmbizappmsg/zh_CN/htmledition/js/assets/wxwork_hidden.mpfd2pou756357f7.js:2
[   12577ms] [LOG] [comm_report] reportjson:  {CgiPath: /mp/appmsg_comment, Action: getcomment, Query: ?action=getcomment&scene=0&appmsgid=2247486438&idx…%3D&appmsg_token=&x5=0&f=json&user_article_role=0, PostData: , Method: GET} @ https://res.wx.qq.com/mmbizappmsg/zh_CN/htmledition/js/assets/comm_utils.mpfd2pou9ac4a575.js:0
[   12579ms] [LOG] [comm_report] reportjson:  {CgiPath: /mp/getappmsgad, Action: , Query: ?f=json&mockid=&rtx=&uin=&key=&pass_ticket=&wxtoke…%3D&appmsg_token=&x5=0&f=json&user_article_role=0, PostData: r=0.550619069495314&appmsg_type=9&mid=2247486438&s…eed_ad=0&both_ad=0&pos_type_list=&vid_list=%5B%5D, Method: POST} @ https://res.wx.qq.com/mmbizappmsg/zh_CN/htmledition/js/assets/comm_utils.mpfd2pou9ac4a575.js:0
[   12579ms] [INFO] [广告响应请求] {base_resp: Object, ret: -3, errmsg: no session, cookie_count: 0} @ https://res.wx.qq.com/mmbizappmsg/zh_CN/htmledition/js/assets/StreamFriendsList.mpfd2poue5d39d43.js:0
[   12582ms] [LOG] [comm_report] reportjson:  {CgiPath: /mp/getappmsgext, Action: , Query: ?f=json&mock=&uin=&key=&pass_ticket=&wxtoken=777&d…%3D&appmsg_token=&x5=0&f=json&user_article_role=0, PostData: r=0.9451081034167077&__biz=MzkyNTU1NTQyNw%3D%3D&ap…nt_comment_id=4525361534851710980&business_type=0, Method: POST} @ https://res.wx.qq.com/mmbizappmsg/zh_CN/htmledition/js/assets/comm_utils.mpfd2pou9ac4a575.js:0
[   12582ms] [LOG] [reportData]:  {count: 4, reportjson0: {"CgiPath":"/mp/appmsg_comment","Action":"getsegme…in.qq.com","log_id":36408,"TimeStamp":1779433570}, reportjson1: {"CgiPath":"/mp/appmsg_comment","Action":"getcomme…in.qq.com","log_id":36408,"TimeStamp":1779433570}, reportjson2: {"CgiPath":"/mp/getappmsgad","Action":"","Query":"…in.qq.com","log_id":36408,"TimeStamp":1779433570}, reportjson3: {"CgiPath":"/mp/getappmsgext","Action":"","Query":…in.qq.com","log_id":36408,"TimeStamp":1779433570}} @ https://res.wx.qq.com/mmbizappmsg/zh_CN/htmledition/js/assets/comm_utils.mpfd2pou9ac4a575.js:0
[   12582ms] [INFO] [(评论、点赞、赞赏) 响应请求]:  Fri May 22 2026 15:06:10 GMT+0800 (中国标准时间) {advertisement_info: Array(0), appmsg_album_extinfo: Object, appmsg_album_videos: Array(0), base_resp: Object, effective_content_last_html_node: Array(0)} @ https://res.wx.qq.com/mmbizappmsg/zh_CN/htmledition/js/assets/appmsgext.mpfd2pouba02a0e8.js:0
[   12583ms] [WARNING] window.ext_complete_success: true @ https://res.wx.qq.com/mmbizappmsg/zh_CN/htmledition/js/assets/appmsg.mpfd2pou723d3046.js:2
[   12590ms] [LOG] js content size change @ https://res.wx.qq.com/mmbizappmsg/zh_CN/htmledition/js/assets/page_pos.mpfd2pou438c235b.js:0
[   12590ms] [LOG] [comm_report] reportjson:  {bizuin: MzkyNTU1NTQyNw==, msgid: 2247486438, idx: 1, sessionid: svr_51b52d05bc8, itemshowtype: 0} @ https://res.wx.qq.com/mmbizappmsg/zh_CN/htmledition/js/assets/comm_utils.mpfd2pou9ac4a575.js:0
[   12590ms] [LOG] [comm_report] reportjson:  {bizuin: MzkyNTU1NTQyNw==, msgid: 2247486438, idx: 1, sessionid: svr_51b52d05bc8, itemshowtype: 0} @ https://res.wx.qq.com/mmbizappmsg/zh_CN/htmledition/js/assets/comm_utils.mpfd2pou9ac4a575.js:0
[   12590ms] [LOG] [comm_report] reportjson:  {bizuin: MzkyNTU1NTQyNw==, msgid: 2247486438, idx: 1, sessionid: svr_51b52d05bc8, itemshowtype: 0} @ https://res.wx.qq.com/mmbizappmsg/zh_CN/htmledition/js/assets/comm_utils.mpfd2pou9ac4a575.js:0
[   12590ms] [LOG] [comm_report] reportjson:  {bizuin: MzkyNTU1NTQyNw==, msgid: 2247486438, idx: 1, sessionid: svr_51b52d05bc8, itemshowtype: 0} @ https://res.wx.qq.com/mmbizappmsg/zh_CN/htmledition/js/assets/comm_utils.mpfd2pou9ac4a575.js:0
[   12590ms] [LOG] [reportData]:  {count: 4, reportjson0: {"bizuin":"MzkyNTU1NTQyNw==","msgid":2247486438,"i…xptype":"","log_id":27894,"TimeStamp":1779433570}, reportjson1: {"bizuin":"MzkyNTU1NTQyNw==","msgid":2247486438,"i…xptype":"","log_id":27894,"TimeStamp":1779433570}, reportjson2: {"bizuin":"MzkyNTU1NTQyNw==","msgid":2247486438,"i…xptype":"","log_id":27894,"TimeStamp":1779433570}, reportjson3: {"bizuin":"MzkyNTU1NTQyNw==","msgid":2247486438,"i…xptype":"","log_id":27894,"TimeStamp":1779433570}} @ https://res.wx.qq.com/mmbizappmsg/zh_CN/htmledition/js/assets/comm_utils.mpfd2pou9ac4a575.js:0
[   12759ms] [LOG] [comm_report] reportjson:  {CgiPath: /mp/appmsg_comment, Action: getcomment, Query: ?action=getcomment&scene=0&appmsgid=2247486438&idx…%3D&appmsg_token=&x5=0&f=json&user_article_role=0, PostData: , Method: GET} @ https://res.wx.qq.com/mmbizappmsg/zh_CN/htmledition/js/assets/comm_utils.mpfd2pou9ac4a575.js:0
[   13057ms] [LOG] OpenSDK Frame loaded, build time: 2025-11-17 11:05 @ https://open.weixin.qq.com/pcopensdk/frame:1
[   13057ms] [DEBUG] channel received on listener[invoke] @ https://open.weixin.qq.com/pcopensdk/frame:1
[   13057ms] [DEBUG] channel received on listener[sync_method] @ https://open.weixin.qq.com/pcopensdk/frame:1
[   13057ms] [DEBUG] channel received on listener[update_host_lna_permission] @ https://open.weixin.qq.com/pcopensdk/frame:1
[   13333ms] [LOG] [comm_report] reportjson:  {CgiPath: /mp/authorreward, Action: , Query: ?act=getrewardsetting&author_id=ofMoI49Ii0Yyx4m6U7…%3D&appmsg_token=&x5=0&f=json&user_article_role=0, PostData: , Method: POST} @ https://res.wx.qq.com/mmbizappmsg/zh_CN/htmledition/js/assets/comm_utils.mpfd2pou9ac4a575.js:0
[   13333ms] [WARNING] <meta name="apple-mobile-web-app-capable" content="yes"> is deprecated. Please include <meta name="mobile-web-app-capable" content="yes"> @ https://mp.weixin.qq.com/s/TwMkUDLNo2-bIrXrfvPqIw:0
[   13573ms] [LOG] [reportData]:  {count: 2, reportjson0: {"CgiPath":"/mp/appmsg_comment","Action":"getcomme…in.qq.com","log_id":36408,"TimeStamp":1779433571}, reportjson1: {"CgiPath":"/mp/authorreward","Action":"","Query":…in.qq.com","log_id":36408,"TimeStamp":1779433571}} @ https://res.wx.qq.com/mmbizappmsg/zh_CN/htmledition/js/assets/comm_utils.mpfd2pou9ac4a575.js:0
[   18427ms] [LOG] [comm_report] reportjson:  {CgiPath: /mp/appmsgreport, Action: page_time_5s, Query: ?action=page_time_5s&__biz=MzkyNTU1NTQyNw==&uin=&k…%3D&appmsg_token=&x5=0&f=json&user_article_role=0, PostData: report_bizuin=MzkyNTU1NTQyNw%3D%3D&title=Attractor…ype=&expsessionid=&effective_content_height=10305, Method: POST} @ https://res.wx.qq.com/mmbizappmsg/zh_CN/htmledition/js/assets/comm_utils.mpfd2pou9ac4a575.js:0
[   19430ms] [LOG] [reportData]:  {count: 1, reportjson0: {"CgiPath":"/mp/appmsgreport","Action":"page_time_…in.qq.com","log_id":36408,"TimeStamp":1779433576}} @ https://res.wx.qq.com/mmbizappmsg/zh_CN/htmledition/js/assets/comm_utils.mpfd2pou9ac4a575.js:0
